[    0.000000] Linux version 4.15.0-129-generic (buildd@lcy01-amd64-017) (gcc version 7.5.0 (Ubuntu 7.5.0-3ubuntu1~18.04)) #132-Ubuntu SMP Thu Dec 10 14:02:26 UTC 2020 (Ubuntu 4.15.0-129.132-generic 4.15.18)
[    0.000000] Command line: BOOT_IMAGE=/boot/vmlinuz-4.15.0-129-generic root=LABEL=cloudimg-rootfs ro console=tty1 console=ttyS0
[    0.000000] KERNEL supported cpus:
[    0.000000]   Intel GenuineIntel
[    0.000000]   AMD AuthenticAMD
[    0.000000]   Centaur CentaurHauls
[    0.000000] x86/fpu: Supporting XSAVE feature 0x001: 'x87 floating point registers'
[    0.000000] x86/fpu: Supporting XSAVE feature 0x002: 'SSE registers'
[    0.000000] x86/fpu: Supporting XSAVE feature 0x004: 'AVX registers'
[    0.000000] x86/fpu: xstate_offset[2]:  576, xstate_sizes[2]:  256
[    0.000000] x86/fpu: Enabled xstate features 0x7, context size is 832 bytes, using 'standard' format.
[    0.000000] e820: BIOS-provided physical RAM map:
[    0.000000] BIOS-e820: [mem 0x0000000000000000-0x000000000009fbff] usable
[    0.000000] BIOS-e820: [mem 0x000000000009fc00-0x000000000009ffff] reserved
[    0.000000] BIOS-e820: [mem 0x00000000000f0000-0x00000000000fffff] reserved
[    0.000000] BIOS-e820: [mem 0x0000000000100000-0x000000001ffeffff] usable
[    0.000000] BIOS-e820: [mem 0x000000001fff0000-0x000000001fffffff] ACPI data
[    0.000000] BIOS-e820: [mem 0x00000000fec00000-0x00000000fec00fff] reserved
[    0.000000] BIOS-e820: [mem 0x00000000fee00000-0x00000000fee00fff] reserved
[    0.000000] BIOS-e820: [mem 0x00000000fffc0000-0x00000000ffffffff] reserved
[    0.000000] NX (Execute Disable) protection: active
[    0.000000] SMBIOS 2.5 present.
[    0.000000] DMI: innotek GmbH VirtualBox/VirtualBox, BIOS VirtualBox 12/01/2006
[    0.000000] Hypervisor detected: KVM
[    0.000000] e820: last_pfn = 0x1fff0 max_arch_pfn = 0x400000000
[    0.000000] MTRR: Disabled
[    0.000000] x86/PAT: MTRRs disabled, skipping PAT initialization too.
[    0.000000] CPU MTRRs all blank - virtualized system.
[    0.000000] x86/PAT: Configuration [0-7]: WB  WT  UC- UC  WB  WT  UC- UC  
[    0.000000] found SMP MP-table at [mem 0x0009fff0-0x0009ffff]
[    0.000000] Scanning 1 areas for low memory corruption
[    0.000000] RAMDISK: [mem 0x1db2d000-0x1edf0fff]
[    0.000000] ACPI: Early table checksum verification disabled
[    0.000000] ACPI: RSDP 0x00000000000E0000 000024 (v02 VBOX  )
[    0.000000] ACPI: XSDT 0x000000001FFF0030 00003C (v01 VBOX   VBOXXSDT 00000001 ASL  00000061)
[    0.000000] ACPI: FACP 0x000000001FFF00F0 0000F4 (v04 VBOX   VBOXFACP 00000001 ASL  00000061)
[    0.000000] ACPI: DSDT 0x000000001FFF0470 002325 (v02 VBOX   VBOXBIOS 00000002 INTL 20120111)
[    0.000000] ACPI: FACS 0x000000001FFF0200 000040
[    0.000000] ACPI: FACS 0x000000001FFF0200 000040
[    0.000000] ACPI: APIC 0x000000001FFF0240 000054 (v02 VBOX   VBOXAPIC 00000001 ASL  00000061)
[    0.000000] ACPI: SSDT 0x000000001FFF02A0 0001CC (v01 VBOX   VBOXCPUT 00000002 INTL 20120111)
[    0.000000] No NUMA configuration found
[    0.000000] Faking a node at [mem 0x0000000000000000-0x000000001ffeffff]
[    0.000000] NODE_DATA(0) allocated [mem 0x1ffc5000-0x1ffeffff]
[    0.000000] kvm-clock: cpu 0, msr 0:1ff44001, primary cpu clock
[    0.000000] kvm-clock: Using msrs 4b564d01 and 4b564d00
[    0.000000] kvm-clock: using sched offset of 3901261302 cycles
[    0.000000] clocksource: kvm-clock: mask: 0xffffffffffffffff max_cycles: 0x1cd42e4dffb, max_idle_ns: 881590591483 ns
[    0.000000] Zone ranges:
[    0.000000]   DMA      [mem 0x0000000000001000-0x0000000000ffffff]
[    0.000000]   DMA32    [mem 0x0000000001000000-0x000000001ffeffff]
[    0.000000]   Normal   empty
[    0.000000]   Device   empty
[    0.000000] Movable zone start for each node
[    0.000000] Early memory node ranges
[    0.000000]   node   0: [mem 0x0000000000001000-0x000000000009efff]
[    0.000000]   node   0: [mem 0x0000000000100000-0x000000001ffeffff]
[    0.000000] Reserved but unavailable: 98 pages
[    0.000000] Initmem setup node 0 [mem 0x0000000000001000-0x000000001ffeffff]
[    0.000000] ACPI: PM-Timer IO Port: 0x4008
[    0.000000] IOAPIC[0]: apic_id 1, version 32, address 0xfec00000, GSI 0-23
[    0.000000] ACPI: INT_SRC_OVR (bus 0 bus_irq 0 global_irq 2 dfl dfl)
[    0.000000] ACPI: INT_SRC_OVR (bus 0 bus_irq 9 global_irq 9 low level)
[    0.000000] Using ACPI (MADT) for SMP configuration information
[    0.000000] smpboot: Allowing 1 CPUs, 0 hotplug CPUs
[    0.000000] PM: Registered nosave memory: [mem 0x00000000-0x00000fff]
[    0.000000] PM: Registered nosave memory: [mem 0x0009f000-0x0009ffff]
[    0.000000] PM: Registered nosave memory: [mem 0x000a0000-0x000effff]
[    0.000000] PM: Registered nosave memory: [mem 0x000f0000-0x000fffff]
[    0.000000] e820: [mem 0x20000000-0xfebfffff] available for PCI devices
[    0.000000] Booting paravirtualized kernel on KVM
[    0.000000] clocksource: refined-jiffies: mask: 0xffffffff max_cycles: 0xffffffff, max_idle_ns: 7645519600211568 ns
[    0.000000] random: get_random_bytes called from start_kernel+0x99/0x500 with crng_init=0
[    0.000000] setup_percpu: NR_CPUS:8192 nr_cpumask_bits:1 nr_cpu_ids:1 nr_node_ids:1
[    0.000000] percpu: Embedded 45 pages/cpu s147456 r8192 d28672 u2097152
[    0.000000] PV qspinlock hash table entries: 256 (order: 0, 4096 bytes)
[    0.000000] Built 1 zonelists, mobility grouping on.  Total pages: 128889
[    0.000000] Policy zone: DMA32
[    0.000000] Kernel command line: BOOT_IMAGE=/boot/vmlinuz-4.15.0-129-generic root=LABEL=cloudimg-rootfs ro console=tty1 console=ttyS0
[    0.000000] Memory: 467112K/523832K available (12300K kernel code, 2482K rwdata, 4276K rodata, 2440K init, 2724K bss, 56720K reserved, 0K cma-reserved)
[    0.000000] SLUB: HWalign=64, Order=0-3, MinObjects=0, CPUs=1, Nodes=1
[    0.000000] Kernel/User page tables isolation: enabled
[    0.000000] ftrace: allocating 39421 entries in 154 pages
[    0.004000] Hierarchical RCU implementation.
[    0.004000] 	RCU restricting CPUs from NR_CPUS=8192 to nr_cpu_ids=1.
[    0.004000] 	Tasks RCU enabled.
[    0.004000] RCU: Adjusting geometry for rcu_fanout_leaf=16, nr_cpu_ids=1
[    0.004000] NR_IRQS: 524544, nr_irqs: 256, preallocated irqs: 16
[    0.004000] Console: colour VGA+ 80x25
[    0.004000] console [tty1] enabled
[    0.004000] console [ttyS0] enabled
[    0.004000] ACPI: Core revision 20170831
[    0.004000] ACPI: 2 ACPI AML tables successfully acquired and loaded
[    0.004000] APIC: Switch to symmetric I/O mode setup
[    0.004000] x2apic enabled
[    0.004000] Switched APIC routing to physical x2apic.
[    0.004000] ..TIMER: vector=0x30 apic1=0 pin1=2 apic2=-1 pin2=-1
[    0.004003] tsc: Detected 2592.000 MHz processor
[    0.004868] Calibrating delay loop (skipped) preset value.. 5184.00 BogoMIPS (lpj=10368000)
[    0.005522] pid_max: default: 32768 minimum: 301
[    0.006437] Security Framework initialized
[    0.008002] Yama: becoming mindful.
[    0.008616] AppArmor: AppArmor initialized
[    0.009368] Dentry cache hash table entries: 65536 (order: 7, 524288 bytes)
[    0.010518] Inode-cache hash table entries: 32768 (order: 6, 262144 bytes)
[    0.012007] Mount-cache hash table entries: 1024 (order: 1, 8192 bytes)
[    0.013077] Mountpoint-cache hash table entries: 1024 (order: 1, 8192 bytes)
[    0.014748] process: using mwait in idle threads
[    0.015706] Last level iTLB entries: 4KB 64, 2MB 8, 4MB 8
[    0.016001] Last level dTLB entries: 4KB 64, 2MB 0, 4MB 0, 1GB 4
[    0.016977] Spectre V1 : Mitigation: usercopy/swapgs barriers and __user pointer sanitization
[    0.018371] Spectre V2 : Mitigation: Full generic retpoline
[    0.020001] Spectre V2 : Spectre v2 / SpectreRSB mitigation: Filling RSB on context switch
[    0.021354] Speculative Store Bypass: Vulnerable
[    0.022153] SRBDS: Unknown: Dependent on hypervisor status
[    0.023055] MDS: Mitigation: Clear CPU buffers
[    0.034233] Freeing SMP alternatives memory: 36K
[    0.144338] smpboot: CPU0: Intel(R) Core(TM) i7-9750H CPU @ 2.60GHz (family: 0x6, model: 0x9e, stepping: 0xa)
[    0.146441] Performance Events: unsupported p6 CPU model 158 no PMU driver, software events only.
[    0.148000] Hierarchical SRCU implementation.
[    0.148542] NMI watchdog: Perf event create on CPU 0 failed with -2
[    0.149564] NMI watchdog: Perf NMI watchdog permanently disabled
[    0.150563] smp: Bringing up secondary CPUs ...
[    0.151321] smp: Brought up 1 node, 1 CPU
[    0.152001] smpboot: Max logical packages: 1
[    0.152724] smpboot: Total of 1 processors activated (5184.00 BogoMIPS)
[    0.153863] devtmpfs: initialized
[    0.154476] x86/mm: Memory block size: 128MB
[    0.155264] evm: security.selinux
[    0.156002] evm: security.SMACK64
[    0.156575] evm: security.SMACK64EXEC
[    0.157199] evm: security.SMACK64TRANSMUTE
[    0.157889] evm: security.SMACK64MMAP
[    0.158514] evm: security.apparmor
[    0.159099] evm: security.ima
[    0.160001] evm: security.capability
[    0.160679] clocksource: jiffies: mask: 0xffffffff max_cycles: 0xffffffff, max_idle_ns: 7645041785100000 ns
[    0.162271] futex hash table entries: 256 (order: 2, 16384 bytes)
[    0.163296] pinctrl core: initialized pinctrl subsystem
[    0.164067] RTC time:  2:56:31, date: 01/20/21
[    0.164869] NET: Registered protocol family 16
[    0.165662] audit: initializing netlink subsys (disabled)
[    0.166631] cpuidle: using governor ladder
[    0.167330] cpuidle: using governor menu
[    0.168029] ACPI: bus type PCI registered
[    0.168712] acpiphp: ACPI Hot Plug PCI Controller Driver version: 0.5
[    0.169830] PCI: Using configuration type 1 for base access
[    0.170770] audit: type=2000 audit(1611111396.645:1): state=initialized audit_enabled=0 res=1
[    0.172662] HugeTLB registered 2.00 MiB page size, pre-allocated 0 pages
[    0.173849] ACPI: Added _OSI(Module Device)
[    0.174561] ACPI: Added _OSI(Processor Device)
[    0.175309] ACPI: Added _OSI(3.0 _SCP Extensions)
[    0.176002] ACPI: Added _OSI(Processor Aggregator Device)
[    0.176899] ACPI: Added _OSI(Linux-Dell-Video)
[    0.177644] ACPI: Added _OSI(Linux-Lenovo-NV-HDMI-Audio)
[    0.178521] ACPI: Added _OSI(Linux-HPI-Hybrid-Graphics)
[    0.180309] ACPI: Executed 1 blocks of module-level executable AML code
[    0.184870] ACPI: Interpreter enabled
[    0.185623] ACPI: (supports S0 S5)
[    0.186501] ACPI: Using IOAPIC for interrupt routing
[    0.187786] PCI: Using host bridge windows from ACPI; if necessary, use "pci=nocrs" and report a bug
[    0.188155] ACPI: Enabled 2 GPEs in block 00 to 07
[    0.196052] ACPI: PCI Root Bridge [PCI0] (domain 0000 [bus 00-ff])
[    0.197384] acpi PNP0A03:00: _OSC: OS supports [ASPM ClockPM Segments MSI]
[    0.199042] acpi PNP0A03:00: _OSC: not requesting OS control; OS requires [ExtendedConfig ASPM ClockPM MSI]
[    0.200011] acpi PNP0A03:00: fail to add MMCONFIG information, can't access extended PCI configuration space under this bridge.
[    0.202258] PCI host bridge to bus 0000:00
[    0.202963] pci_bus 0000:00: root bus resource [io  0x0000-0x0cf7 window]
[    0.204002] pci_bus 0000:00: root bus resource [io  0x0d00-0xffff window]
[    0.205155] pci_bus 0000:00: root bus resource [mem 0x000a0000-0x000bffff window]
[    0.206573] pci_bus 0000:00: root bus resource [mem 0x20000000-0xfdffffff window]
[    0.208002] pci_bus 0000:00: root bus resource [bus 00-ff]
[    0.211100] pci 0000:00:01.1: legacy IDE quirk: reg 0x10: [io  0x01f0-0x01f7]
[    0.212002] pci 0000:00:01.1: legacy IDE quirk: reg 0x14: [io  0x03f6]
[    0.213151] pci 0000:00:01.1: legacy IDE quirk: reg 0x18: [io  0x0170-0x0177]
[    0.214730] pci 0000:00:01.1: legacy IDE quirk: reg 0x1c: [io  0x0376]
[    0.224824] pci 0000:00:07.0: quirk: [io  0x4000-0x403f] claimed by PIIX4 ACPI
[    0.226199] pci 0000:00:07.0: quirk: [io  0x4100-0x410f] claimed by PIIX4 SMB
[    0.232762] ACPI: PCI Interrupt Link [LNKA] (IRQs 5 9 10 *11)
[    0.234144] ACPI: PCI Interrupt Link [LNKB] (IRQs 5 9 *10 11)
[    0.235454] ACPI: PCI Interrupt Link [LNKC] (IRQs 5 *9 10 11)
[    0.236101] ACPI: PCI Interrupt Link [LNKD] (IRQs 5 9 10 *11)
[    0.237468] SCSI subsystem initialized
[    0.238345] pci 0000:00:02.0: vgaarb: setting as boot VGA device
[    0.239393] pci 0000:00:02.0: vgaarb: VGA device added: decodes=io+mem,owns=io+mem,locks=none
[    0.240002] pci 0000:00:02.0: vgaarb: bridge control possible
[    0.240945] vgaarb: loaded
[    0.241441] ACPI: bus type USB registered
[    0.242129] usbcore: registered new interface driver usbfs
[    0.244009] usbcore: registered new interface driver hub
[    0.244897] usbcore: registered new device driver usb
[    0.245765] EDAC MC: Ver: 3.0.0
[    0.246594] PCI: Using ACPI for IRQ routing
[    0.248092] NetLabel: Initializing
[    0.248683] NetLabel:  domain hash size = 128
[    0.249415] NetLabel:  protocols = UNLABELED CIPSOv4 CALIPSO
[    0.250360] NetLabel:  unlabeled traffic allowed by default
[    0.251351] clocksource: Switched to clocksource kvm-clock
[    0.257114] VFS: Disk quotas dquot_6.6.0
[    0.257964] VFS: Dquot-cache hash table entries: 512 (order 0, 4096 bytes)
[    0.259514] AppArmor: AppArmor Filesystem Enabled
[    0.260815] pnp: PnP ACPI init
[    0.262677] pnp: PnP ACPI: found 3 devices
[    0.269123] clocksource: acpi_pm: mask: 0xffffff max_cycles: 0xffffff, max_idle_ns: 2085701024 ns
[    0.271409] NET: Registered protocol family 2
[    0.272539] TCP established hash table entries: 4096 (order: 3, 32768 bytes)
[    0.274003] TCP bind hash table entries: 4096 (order: 4, 65536 bytes)
[    0.275403] TCP: Hash tables configured (established 4096 bind 4096)
[    0.276848] UDP hash table entries: 256 (order: 1, 8192 bytes)
[    0.278483] UDP-Lite hash table entries: 256 (order: 1, 8192 bytes)
[    0.279587] NET: Registered protocol family 1
[    0.280363] pci 0000:00:00.0: Limiting direct PCI/PCI transfers
[    0.281551] pci 0000:00:01.0: Activating ISA DMA hang workarounds
[    0.283379] pci 0000:00:02.0: Video device with shadowed ROM at [mem 0x000c0000-0x000dffff]
[    0.285023] Unpacking initramfs...
[    0.504180] Freeing initrd memory: 19216K
[    0.506550] clocksource: tsc: mask: 0xffffffffffffffff max_cycles: 0x255cb6cc5db, max_idle_ns: 440795203504 ns
[    0.508353] platform rtc_cmos: registered platform RTC device (no PNP device found)
[    0.509719] Scanning for low memory corruption every 60 seconds
[    0.511186] Initialise system trusted keyrings
[    0.511993] Key type blacklist registered
[    0.512770] workingset: timestamp_bits=36 max_order=17 bucket_order=0
[    0.514555] zbud: loaded
[    0.515379] squashfs: version 4.0 (2009/01/31) Phillip Lougher
[    0.516492] fuse init (API version 7.26)
[    0.517680] Key type asymmetric registered
[    0.518413] Asymmetric key parser 'x509' registered
[    0.519283] Block layer SCSI generic (bsg) driver version 0.4 loaded (major 246)
[    0.520616] io scheduler noop registered
[    0.521314] io scheduler deadline registered
[    0.522087] io scheduler cfq registered (default)
[    0.523280] ACPI: AC Adapter [AC] (on-line)
[    0.524079] input: Power Button as /devices/LNXSYSTM:00/LNXPWRBN:00/input/input0
[    0.525705] ACPI: Power Button [PWRF]
[    0.526456] input: Sleep Button as /devices/LNXSYSTM:00/LNXSLPBN:00/input/input1
[    0.527798] ACPI: Sleep Button [SLPF]
[    0.529795] ACPI: Battery Slot [BAT0] (battery present)
[    0.530964] Serial: 8250/16550 driver, 32 ports, IRQ sharing enabled
[    0.553050] 00:02: ttyS0 at I/O 0x3f8 (irq = 4, base_baud = 115200) is a 16550A
[    0.556221] Linux agpgart interface v0.103
[    0.557747] loop: module loaded
[    0.558743] scsi host0: ata_piix
[    0.559380] scsi host1: ata_piix
[    0.560005] ata1: PATA max UDMA/33 cmd 0x1f0 ctl 0x3f6 bmdma 0xd000 irq 14
[    0.561374] ata2: PATA max UDMA/33 cmd 0x170 ctl 0x376 bmdma 0xd008 irq 15
[    0.563096] libphy: Fixed MDIO Bus: probed
[    0.563823] tun: Universal TUN/TAP device driver, 1.6
[    0.564741] PPP generic driver version 2.4.2
[    0.565519] ehci_hcd: USB 2.0 'Enhanced' Host Controller (EHCI) Driver
[    0.566633] ehci-pci: EHCI PCI platform driver
[    0.567433] ehci-platform: EHCI generic platform driver
[    0.568367] ohci_hcd: USB 1.1 'Open' Host Controller (OHCI) Driver
[    0.569442] ohci-pci: OHCI PCI platform driver
[    0.570210] ohci-platform: OHCI generic platform driver
[    0.571095] uhci_hcd: USB Universal Host Controller Interface driver
[    0.572186] i8042: PNP: PS/2 Controller [PNP0303:PS2K,PNP0f03:PS2M] at 0x60,0x64 irq 1,12
[    0.573935] serio: i8042 KBD port at 0x60,0x64 irq 1
[    0.574797] serio: i8042 AUX port at 0x60,0x64 irq 12
[    0.575690] mousedev: PS/2 mouse device common for all mice
[    0.576893] input: AT Translated Set 2 keyboard as /devices/platform/i8042/serio0/input/input2
[    0.578668] rtc_cmos rtc_cmos: rtc core: registered rtc_cmos as rtc0
[    0.580019] rtc_cmos rtc_cmos: alarms up to one day, 114 bytes nvram
[    0.581247] i2c /dev entries driver
[    0.581928] device-mapper: uevent: version 1.0.3
[    0.582759] device-mapper: ioctl: 4.37.0-ioctl (2017-09-20) initialised: dm-devel@redhat.com
[    0.584183] ledtrig-cpu: registered to indicate activity on CPUs
[    0.585491] intel_pmc_core:  initialized
[    0.586424] NET: Registered protocol family 10
[    0.589364] Segment Routing with IPv6
[    0.590177] NET: Registered protocol family 17
[    0.591148] Key type dns_resolver registered
[    0.592161] mce: Using 0 MCE banks
[    0.592912] RAS: Correctable Errors collector initialized.
[    0.594052] sched_clock: Marking stable (592900602, 0)->(724175629, -131275027)
[    0.595529] registered taskstats version 1
[    0.596317] Loading compiled-in X.509 certificates
[    0.598406] Loaded X.509 cert 'Build time autogenerated kernel key: c0b12e93431a85da2633d00ac393f61630080db8'
[    0.600069] zswap: loaded using pool lzo/zbud
[    0.602672] Key type big_key registered
[    0.603357] Key type trusted registered
[    0.604948] Key type encrypted registered
[    0.605656] AppArmor: AppArmor sha1 policy hashing enabled
[    0.606579] ima: No TPM chip found, activating TPM-bypass! (rc=-19)
[    0.607623] ima: Allocated hash algorithm: sha1
[    0.608445] evm: HMAC attrs: 0x1
[    0.609287]   Magic number: 5:571:915
[    0.610346] rtc_cmos rtc_cmos: setting system clock to 2021-01-20 02:56:31 UTC (1611111391)
[    0.612033] BIOS EDD facility v0.16 2004-Jun-25, 0 devices found
[    0.613133] EDD information not available.
[    0.746589] Freeing unused kernel image memory: 2440K
[    0.756300] Write protecting the kernel read-only data: 20480k
[    0.758076] Freeing unused kernel image memory: 2008K
[    0.759486] Freeing unused kernel image memory: 1868K
[    0.766879] x86/mm: Checked W+X mappings: passed, no W+X pages found.
[    0.768439] x86/mm: Checking user space page tables
[    0.776635] x86/mm: Checked W+X mappings: passed, no W+X pages found.
Loading, please wait...
starting version 237
[    0.844153] e1000: Intel(R) PRO/1000 Network Driver - version 7.3.21-k8-NAPI
[    0.845502] e1000: Copyright (c) 1999-2006 Intel Corporation.
[    0.849157] Fusion MPT base driver 3.04.20
[    0.849831] Copyright (c) 1999-2008 LSI Corporation
[    0.857803] Fusion MPT SPI Host driver 3.04.20
[    0.868886] AVX2 version of gcm_enc/dec engaged.
[    0.869882] AES CTR mode by8 optimization enabled
[    1.058514] input: ImExPS/2 Generic Explorer Mouse as /devices/platform/i8042/serio1/input/input4
[    1.243368] e1000 0000:00:03.0 eth0: (PCI:33MHz:32-bit) 02:32:ba:d6:6d:1a
[    1.245231] e1000 0000:00:03.0 eth0: Intel(R) PRO/1000 Network Connection
[    1.247772] mptbase: ioc0: Initiating bringup
[    1.344202] ioc0: LSI53C1030 A0: Capabilities={Initiator}
[    1.587102] scsi host2: ioc0: LSI53C1030 A0, FwRev=00000000h, Ports=1, MaxQ=256, IRQ=20
[    1.757366] scsi 2:0:0:0: Direct-Access     VBOX     HARDDISK         1.0  PQ: 0 ANSI: 5
[    1.764491] scsi target2:0:0: Beginning Domain Validation
[    1.767833] scsi target2:0:0: Domain Validation skipping write tests
[    1.769341] scsi target2:0:0: Ending Domain Validation
[    1.770435] scsi target2:0:0: asynchronous
[    1.771731] random: fast init done
[    1.772602] scsi 2:0:1:0: Direct-Access     VBOX     HARDDISK         1.0  PQ: 0 ANSI: 5
[    1.774276] scsi target2:0:1: Beginning Domain Validation
[    1.776057] scsi target2:0:1: Domain Validation skipping write tests
[    1.777123] scsi target2:0:1: Ending Domain Validation
[    1.778025] scsi target2:0:1: asynchronous
[    1.782768] random: systemd-udevd: uninitialized urandom read (16 bytes read)
[    1.784056] random: systemd-udevd: uninitialized urandom read (16 bytes read)
[    1.785431] random: systemd-udevd: uninitialized urandom read (16 bytes read)
[    1.787011] sd 2:0:0:0: Attached scsi generic sg0 type 0
[    1.788000] sd 2:0:0:0: [sda] 20971520 512-byte logical blocks: (10.7 GB/10.0 GiB)
[    1.789375] sd 2:0:0:0: [sda] Write Protect is off
[    1.790544] sd 2:0:0:0: [sda] Incomplete mode parameter data
[    1.791741] sd 2:0:0:0: [sda] Assuming drive cache: write through
[    1.792989] sd 2:0:1:0: [sdb] 20480 512-byte logical blocks: (10.5 MB/10.0 MiB)
[    1.794278] sd 2:0:1:0: Attached scsi generic sg1 type 0
[    1.795204] sd 2:0:1:0: [sdb] Write Protect is off
[    1.796280] sd 2:0:1:0: [sdb] Incomplete mode parameter data
[    1.797240] sd 2:0:1:0: [sdb] Assuming drive cache: write through
[    1.804378]  sda: sda1
[    1.810112] sd 2:0:0:0: [sda] Attached SCSI disk
[    1.824044] sd 2:0:1:0: [sdb] Attached SCSI disk
[    2.162874] e1000 0000:00:08.0 eth1: (PCI:33MHz:32-bit) 08:00:27:49:eb:15
[    2.164640] e1000 0000:00:08.0 eth1: Intel(R) PRO/1000 Network Connection
[    2.167443] e1000 0000:00:08.0 enp0s8: renamed from eth1
[    2.170641] e1000 0000:00:03.0 enp0s3: renamed from eth0
Begin: Loading essential drivers ... [    3.502889] raid6: sse2x1   gen() 15400 MB/s
[    3.562943] raid6: sse2x1   xor() 11871 MB/s
[    3.612972] raid6: sse2x2   gen() 19852 MB/s
[    3.671928] raid6: sse2x2   xor() 12423 MB/s
[    3.722494] raid6: sse2x4   gen() 19958 MB/s
[    3.772493] raid6: sse2x4   xor() 13580 MB/s
[    3.822565] raid6: avx2x1   gen() 29214 MB/s
[    3.872578] raid6: avx2x1   xor() 22531 MB/s
[    3.922597] raid6: avx2x2   gen() 35450 MB/s
[    3.972624] raid6: avx2x2   xor() 24443 MB/s
[    4.022643] raid6: avx2x4   gen() 42690 MB/s
[    4.072666] raid6: avx2x4   xor() 27424 MB/s
[    4.073476] raid6: using algorithm avx2x4 gen() 42690 MB/s
[    4.074473] raid6: .... xor() 27424 MB/s, rmw enabled
[    4.075286] raid6: using avx2x2 recovery algorithm
[    4.077491] xor: automatically using best checksumming function   avx       
[    4.079611] async_tx: api initialized (async)
done.
Begin: Running /scripts/init-premount ... done.
Begin: Mounting root file system ... Begin: Running /scripts/local-top ... done.
Begin: Running /scripts/local-premount ... [    4.116462] Btrfs loaded, crc32c=crc32c-intel
Scanning for Btrfs filesystems
done.
Warning: fsck not present, so skipping root file system
[    4.140852] EXT4-fs (sda1): INFO: recovery required on readonly filesystem
[    4.142218] EXT4-fs (sda1): write access will be enabled during recovery
[    4.234542] EXT4-fs (sda1): recovery complete
[    4.236014] EXT4-fs (sda1): mounted filesystem with ordered data mode. Opts: (null)
done.
Begin: Running /scripts/local-bottom ... done.
Begin: Running /scripts/init-bottom ... done.
[    4.384293] ip_tables: (C) 2000-2006 Netfilter Core Team
[    4.392372] systemd[1]: systemd 237 running in system mode. (+PAM +AUDIT +SELINUX +IMA +APPARMOR +SMACK +SYSVINIT +UTMP +LIBCRYPTSETUP +GCRYPT +GNUTLS +ACL +XZ +LZ4 +SECCOMP +BLKID +ELFUTILS +KMOD -IDN2 +IDN -PCRE2 default-hierarchy=hybrid)
[    4.396251] systemd[1]: Detected virtualization oracle.
[    4.397239] systemd[1]: Detected architecture x86-64.

Welcome to [1mUbuntu 18.04.5 LTS[0m!

[    4.400946] systemd[1]: Set hostname to <loadbalancer>.
[    4.624601] systemd[1]: Set up automount Arbitrary Executable File Formats File System Automount Point.
[[0;32m  OK  [0m] Set up automount Arbitrary Executab…rmats File System Automount Point.
[    4.627908] systemd[1]: Created slice User and Session Slice.
[[0;32m  OK  [0m] Created slice User and Session Slice.
[    4.629789] systemd[1]: Reached target Swap.
[[0;32m  OK  [0m] Reached target Swap.
[    4.631182] systemd[1]: Reached target System Time Synchronized.
[[0;32m  OK  [0m] Reached target System Time Synchronized.
[    4.633271] systemd[1]: Created slice System Slice.
[[0;32m  OK  [0m] Created slice System Slice.
[    4.634882] systemd[1]: Reached target Slices.
[[0;32m  OK  [0m] Reached target Slices.
[[0;32m  OK  [0m] Listening on Journal Socket.
         Starting Remount Root and Kernel File Systems...
[[0;32m  OK  [0m] Listening on Journal Audit Socket.
[[0;32m  OK  [0m] Listening on LVM2 metadata daemon socket.
[[0;32m  OK  [0m] Listening on udev Control Socket.
         Starting Create list of required st…ce nodes for the current kernel...
[[0;32m  OK  [0m] Listening on Device-mapper event daemon FIFOs.
[[0;32m  OK  [0m] Created slice system-serial\x2dgetty.slice.
         Mounting POSIX Message Queue File System...
         Mounting Huge Pages File System...
[    4.669953] EXT4-fs (sda1): re-mounted. Opts: (null)
[[0;32m  OK  [0m] Listening on udev Kernel Socket.
         Starting udev Coldplug all Devices...
[[0;32m  OK  [0m] Listening on Syslog Socket.
[[0;32m  OK  [0m] Started Forward Password Requests to Wall Directory Watch.
         Mounting Kernel Debug File System...
[[0;32m  OK  [0m] Listening on LVM2 poll daemon socket.
[[0;32m  OK  [0m] Listening on Network Service Netlink Socket.
         Starting Set the console keyboard layout...
[[0;32m  OK  [0m] Listening on Journal Socket (/dev/log).
         Starting Journal Service...
         Starting Load Kernel Modules...
         Starting Monitoring of LVM2 mirrors…ng dmeventd or progress polling...
[[0;32m  OK  [0m] Reached target User and Group Name Lookups.
[[0;32m  OK  [0m] Listening on /dev/initctl Compatibility Named Pipe.
         Starting Uncomplicated firewall...
[[0;32m  OK  [0m] Started Remount Root and Kernel File Systems.
[[0;32m  OK  [0m] Started Create list of required sta…vice nodes for the current kernel.
[[0;32m  OK  [0m] Mounted POSIX Message Queue File System.
[[0;32m  OK  [0m] Mounted Huge Pages File System.
[[0;32m  OK  [0m] Mounted Kernel Debug File System.
[    4.808629] Loading iSCSI transport class v2.0-870.
[[0;32m  OK  [0m] Started Journal Service.
[[0;32m  OK  [0m] Started Uncomplicated firewall.
[[0;32m  OK  [0m] Started LVM2 metadata daemon.
         Starting Create Static Device Nodes in /dev...
[    4.847200] iscsi: registered transport (tcp)
         Starting Load/Save Random Seed...
         Starting Flush Journal to Persistent Storage...
[[0;32m  OK  [0m] Started udev Coldplug all Devices.
[[0;32m  OK  [0m] Started Set the console keyboard layout.
[[0;32m  OK  [0m] Started Create Static Device Nodes in /dev.
         Starting udev Kernel Device Manager...
[    4.904521] iscsi: registered transport (iser)
[[0;32m  OK  [0m] Started Load Kernel Modules.
         Starting Apply Kernel Variables...
         Mounting FUSE Control File System...
         Mounting Kernel Configuration File System...
[[0;32m  OK  [0m] Started Load/Save Random Seed.
[[0;32m  OK  [0m] Started Monitoring of LVM2 mirrors,…sing dmeventd or progress polling.
[[0;32m  OK  [0m] Mounted FUSE Control File System.
[[0;32m  OK  [0m] Mounted Kernel Configuration File System.
[[0;32m  OK  [0m] Reached target Local File Systems (Pre).
         Mounting /vagrant...
[[0;32m  OK  [0m] Reached target Local File Systems.
         Starting Tell Plymouth To Write Out Runtime Data...
         Starting ebtables ruleset management...
         Starting AppArmor initialization...
         Starting Set console font and keymap...
[[0;32m  OK  [0m] Started udev Kernel Device Manager.
[[0;32m  OK  [0m] Started Apply Kernel Variables.
[[0;32m  OK  [0m] Started Tell Plymouth To Write Out Runtime Data.
[[0;32m  OK  [0m] Started Dispatch Password Requests to Console Directory Watch.
[[0;32m  OK  [0m] Reached target Local Encrypted Volumes.
[[0;32m  OK  [0m] Mounted /vagrant.
[[0;32m  OK  [0m] Started Set console font and keymap.
[[0;32m  OK  [0m] Started Flush Journal to Persistent Storage.
         Starting Create Volatile Files and Directories...
[[0;32m  OK  [0m] Started ebtables ruleset management.
[[0;32m  OK  [0m] Started Create Volatile Files and Directories.
         Starting Update UTMP about System Boot/Shutdown...
[[0;32m  OK  [0m] Started Update UTMP about System Boot/Shutdown.
[[0;32m  OK  [0m] Found device /dev/ttyS0.
[[0;32m  OK  [0m] Started AppArmor initialization.
         Starting Load AppArmor profiles managed internally by snapd...
         Starting Initial cloud-init job (pre-networking)...
[[0;32m  OK  [0m] Started Load AppArmor profiles managed internally by snapd.
[[0;32m  OK  [0m] Listening on Load/Save RF Kill Switch Status /dev/rfkill Watch.
[    6.284264] cloud-init[527]: Cloud-init v. 20.4-0ubuntu1~18.04.1 running 'init-local' at Wed, 20 Jan 2021 02:56:37 +0000. Up 6.14 seconds.
[[0;32m  OK  [0m] Started Initial cloud-init job (pre-networking).
[[0;32m  OK  [0m] Reached target Network (Pre).
         Starting Network Service...
[[0;32m  OK  [0m] Started Network Service.
         Starting Wait for Network to be Configured...
         Starting Network Name Resolution...
[[0;32m  OK  [0m] Started Network Name Resolution.
[[0;32m  OK  [0m] Reached target Host and Network Name Lookups.
[[0;32m  OK  [0m] Reached target Network.
[[0;32m  OK  [0m] Started Wait for Network to be Configured.
         Starting Initial cloud-init job (metadata service crawler)...
[    8.249354] cloud-init[653]: Cloud-init v. 20.4-0ubuntu1~18.04.1 running 'init' at Wed, 20 Jan 2021 02:56:39 +0000. Up 8.14 seconds.
[    8.250513] cloud-init[653]: ci-info: ++++++++++++++++++++++++++++++++++++++Net device info+++++++++++++++++++++++++++++++++++++++
[    8.260363] cloud-init[653]: ci-info: +--------+------+-----------------------------+---------------+--------+-------------------+
[    8.272434] cloud-init[653]: ci-info: | Device |  Up  |           Address           |      Mask     | Scope  |     Hw-Address    |
[    8.284281] cloud-init[653]: ci-info: +--------+------+-----------------------------+---------------+--------+-------------------+
[    8.296458] cloud-init[653]: ci-info: | enp0s3 | True |          10.0.2.15          | 255.255.255.0 | global | 02:32:ba:d6:6d:1a |
[    8.308332] cloud-init[653]: ci-info: | enp0s3 | True |  fe80::32:baff:fed6:6d1a/64 |       .       |  link  | 02:32:ba:d6:6d:1a |
[    8.320230] cloud-init[653]: ci-info: | enp0s8 | True |         192.168.5.30        | 255.255.255.0 | global | 08:00:27:49:eb:15 |
[    8.321884] cloud-init[653]: ci-info: | enp0s8 | True | fe80::a00:27ff:fe49:eb15/64 |       .       |  link  | 08:00:27:49:eb:15 |
[    8.332415] cloud-init[653]: ci-info: |   lo   | True |          127.0.0.1          |   255.0.0.0   |  host  |         .         |
[    8.344221] cloud-init[653]: ci-info: |   lo   | True |           ::1/128           |       .       |  host  |         .         |
[    8.346027] cloud-init[653]: ci-info: +--------+------+-----------------------------+---------------+--------+-------------------+
[    8.356171] cloud-init[653]: ci-info: ++++++++++++++++++++++++++++Route IPv4 info+++++++++++++++++++++++++++++
[    8.357270] cloud-init[653]: ci-info: +-------+-------------+----------+-----------------+-----------+-------+
[    8.358741] cloud-init[653]: ci-info: | Route | Destination | Gateway  |     Genmask     | Interface | Flags |
[    8.359811] cloud-init[653]: ci-info: +-------+-------------+----------+-----------------+-----------+-------+
[    8.361632] cloud-init[653]: ci-info: |   0   |   0.0.0.0   | 10.0.2.2 |     0.0.0.0     |   enp0s3  |   UG  |
[    8.363438] cloud-init[653]: ci-info: |   1   |   10.0.2.0  | 0.0.0.0  |  255.255.255.0  |   enp0s3  |   U   |
[    8.364740] cloud-init[653]: ci-info: |   2   |   10.0.2.2  | 0.0.0.0  | 255.255.255.255 |   enp0s3  |   UH  |
[    8.366291] cloud-init[653]: ci-info: |   3   | 192.168.5.0 | 0.0.0.0  |  255.255.255.0  |   enp0s8  |   U   |
[    8.368491] cloud-init[653]: ci-info: +-------+-------------+----------+-----------------+-----------+-------+
[    8.369945] cloud-init[653]: ci-info: +++++++++++++++++++Route IPv6 info+++++++++++++++++++
[    8.371572] cloud-init[653]: ci-info: +-------+-------------+---------+-----------+-------+
[    8.372861] cloud-init[653]: ci-info: | Route | Destination | Gateway | Interface | Flags |
[    8.374345] cloud-init[653]: ci-info: +-------+-------------+---------+-----------+-------+
[    8.375677] cloud-init[653]: ci-info: |   1   |  fe80::/64  |    ::   |   enp0s3  |   U   |
[    8.383617] cloud-init[653]: ci-info: |   2   |  fe80::/64  |    ::   |   enp0s8  |   U   |
[    8.396743] cloud-init[653]: ci-info: |   4   |    local    |    ::   |   enp0s3  |   U   |
[    8.408235] cloud-init[653]: ci-info: |   5   |    local    |    ::   |   enp0s8  |   U   |
[    8.420183] cloud-init[653]: ci-info: |   6   |   ff00::/8  |    ::   |   enp0s3  |   U   |
[[0;32m  OK  [0m] Started Initial cloud-init job (metadata service crawler).
[[0;32m  OK  [0m] Reached target Network is Online.
[    8.435778] cloud-init[653]: ci-info: |   7   |   ff00::/8  |    ::   |   enp0s8  |   U   |
[[0;32m  OK  [0m] Reached target Remote File Systems (Pre).
[[0;32m  OK  [0m] Reached target Remote File Systems.
         Starting Availability of block devices...
[[0;32m  OK  [0m] Reached target System Initialization.
[[0;32m  OK  [0m] Listening on ACPID Listen Socket.
[    8.453454] cloud-init[653]: ci-info: +-------+-------------+---------+-----------+-------+
[[0;32m  OK  [0m] Started Message of the Day.
[[0;32m  OK  [0m] Started ACPI Events Check.
[[0;32m  OK  [0m] Started Discard unused blocks once a week.
[[0;32m  OK  [0m] Started Daily apt download activities.
[[0;32m  OK  [0m] Listening on D-Bus System Message Bus Socket.
[[0;32m  OK  [0m] Reached target Paths.
         Starting Socket activation for snappy daemon.
         Starting LXD - unix socket.
[[0;32m  OK  [0m] Listening on UUID daemon activation socket.
[[0;32m  OK  [0m] Started Daily Cleanup of Temporary Directories.
[[0;32m  OK  [0m] Listening on Open-iSCSI iscsid Socket.
[[0;32m  OK  [0m] Started Daily apt upgrade and clean activities.
[[0;32m  OK  [0m] Reached target Timers.
[[0;32m  OK  [0m] Reached target Cloud-config availability.
[[0;32m  OK  [0m] Started Availability of block devices.
[[0;32m  OK  [0m] Listening on Socket activation for snappy daemon.
[[0;32m  OK  [0m] Listening on LXD - unix socket.
[[0;32m  OK  [0m] Reached target Sockets.
[[0;32m  OK  [0m] Reached target Basic System.
         Starting Dispatcher daemon for systemd-networkd...
         Starting LXD - container startup/shutdown...
         Starting System Logging Service...
         Starting Accounts Service...
[[0;32m  OK  [0m] Started irqbalance daemon.
[[0;32m  OK  [0m] Started Deferred execution scheduler.
[[0;32m  OK  [0m] Started D-Bus System Message Bus.
         Starting Pollinate to seed the pseudo random number generator...
         Starting Message of the Day...
         Starting LSB: Record successful boot for GRUB...
         Starting Snap Daemon...
[[0;32m  OK  [0m] Started FUSE filesystem for LXC.
         Starting Login Service...
         Starting Discard unused blocks...
         Starting Virtualbox guest utils...
[[0;32m  OK  [0m] Started Regular background program processing daemon.
         Starting LSB: automatic crash report generation...
         Starting Permit User Sessions...
[[0;32m  OK  [0m] Started System Logging Service.
[[0;32m  OK  [0m] Started LXD - container startup/shutdown.
[[0;32m  OK  [0m] Started Discard unused blocks.
[[0;32m  OK  [0m] Started Login Service.
[[0;32m  OK  [0m] Started Unattended Upgrades Shutdown.
         Starting Authorization Manager...
         Starting HAProxy Load Balancer...
[[0;32m  OK  [0m] Started Dispatcher daemon for systemd-networkd.
[[0;32m  OK  [0m] Started Permit User Sessions.
[[0;32m  OK  [0m] Started Authorization Manager.
[[0;32m  OK  [0m] Started Accounts Service.
         Starting Terminate Plymouth Boot Screen...
         Starting Hold until boot process finishes up...
[[0;32m  OK  [0m] Started LSB: Record successful boot for GRUB.
[[0;32m  OK  [0m] Started Hold until boot process finishes up.
         Starting Set console scheme...
[[0;32m  OK  [0m] Started Serial Getty on ttyS0.
[[0;32m  OK  [0m] Started Terminate Plymouth Boot Screen.
[[0;32m  OK  [0m] Started Set console scheme.
[[0;32m  OK  [0m] Created slice system-getty.slice.
[[0;32m  OK  [0m] Started Getty on tty1.
[[0;32m  OK  [0m] Reached target Login Prompts.
[[0;32m  OK  [0m] Started HAProxy Load Balancer.
[[0;32m  OK  [0m] Started Virtualbox guest utils.
[[0;32m  OK  [0m] Started LSB: automatic crash report generation.
[[0;32m  OK  [0m] Started Snap Daemon.
         Starting Wait until snapd is fully seeded...
[[0;32m  OK  [0m] Started Wait until snapd is fully seeded.
         Starting Apply the settings specified in cloud-config...
[   10.177034] cloud-init[1033]: Cloud-init v. 20.4-0ubuntu1~18.04.1 running 'modules:config' at Wed, 20 Jan 2021 02:56:40 +0000. Up 10.11 seconds.
[[0;32m  OK  [0m] Started Apply the settings specified in cloud-config.
[[0;32m  OK  [0m] Started Message of the Day.

Ubuntu 18.04.5 LTS loadbalancer ttyS0

loadbalancer login: [   20.077814] cloud-init[1131]: Cloud-init v. 20.4-0ubuntu1~18.04.1 running 'modules:final' at Wed, 20 Jan 2021 02:56:50 +0000. Up 19.93 seconds.
[   20.084254] cloud-init[1131]: Cloud-init v. 20.4-0ubuntu1~18.04.1 finished at Wed, 20 Jan 2021 02:56:50 +0000. Datasource DataSourceNoCloud [seed=/dev/sdb][dsmode=net].  Up 20.06 seconds
[[0;32m  OK  [0m] Stopped Unattended Upgrades Shutdown.
         Stopping Authorization Manager...
[[0;32m  OK  [0m] Closed Load/Save RF Kill Switch Status /dev/rfkill Watch.
         Stopping User Manager for UID 1000...
[[0;32m  OK  [0m] Stopped target Cloud-init target.
[[0;32m  OK  [0m] Stopped Execute cloud user/final scripts.
[[0;32m  OK  [0m] Stopped Apply the settings specified in cloud-config.
[[0;32m  OK  [0m] Stopped target Graphical Interface.
         Stopping Accounts Service...
         Stopping Session 3 of user vagrant.
[[0;32m  OK  [0m] Stopped target Multi-User System.
[[0;32m  OK  [0m] Stopped target Login Prompts.
         Stopping Getty on tty1...
         Stopping LSB: automatic crash report generation...
         Stopping Deferred execution scheduler...
         Stopping FUSE filesystem for LXC...
         Stopping Regular background program processing daemon...
         Stopping D-Bus System Message Bus...
[[0;32m  OK  [0m] Stopped Wait until snapd is fully seeded.
         Stopping Dispatcher daemon for systemd-networkd...
[[0;32m  OK  [0m] Stopped target Cloud-config availability.
         Stopping HAProxy Load Balancer...
         Stopping Serial Getty on ttyS0...
         Stopping LSB: Record successful boot for GRUB...
         Stopping Session 5 of user vagrant.
         Stopping Virtualbox guest utils...
[[0;32m  OK  [0m] Stopped target Network is Online.
         Stopping LXD - container startup/shutdown...
         Stopping OpenBSD Secure Shell server...
         Stopping Availability of block devices...
         Unmounting /vagrant...
[[0;32m  OK  [0m] Stopped target Host and Network Name Lookups.
[[0;32m  OK  [0m] Stopped target Timers.
[[0;32m  OK  [0m] Stopped Daily Cleanup of Temporary Directories.
[[0;32m  OK  [0m] Stopped Discard unused blocks once a week.
[[0;32m  OK  [0m] Stopped Message of the Day.
[[0;32m  OK  [0m] Stopped Daily apt upgrade and clean activities.
[[0;32m  OK  [0m] Stopped Daily apt download activities.
[[0;32m  OK  [0m] Stopped target System Time Synchronized.
[[0;32m  OK  [0m] Unmounted /var/lib/lxcfs.
[[0;32m  OK  [0m] Stopped Dispatcher daemon for systemd-networkd.
[[0;32m  OK  [0m] Stopped Accounts Service.
[[0;32m  OK  [0m] Stopped Deferred execution scheduler.
[[0;32m  OK  [0m] Stopped Regular background program processing daemon.
[[0;32m  OK  [0m] Stopped Authorization Manager.
[[0;32m  OK  [0m] Stopped Serial Getty on ttyS0.
[[0;32m  OK  [0m] Stopped Getty on tty1.
[[0;32m  OK  [0m] Stopped HAProxy Load Balancer.
[[0;32m  OK  [0m] Stopped OpenBSD Secure Shell server.
[[0;32m  OK  [0m] Stopped User Manager for UID 1000.
[[0;32m  OK  [0m] Stopped D-Bus System Message Bus.
[[0;32m  OK  [0m] Stopped Availability of block devices.
[[0;32m  OK  [0m] Stopped FUSE filesystem for LXC.
[[0;32m  OK  [0m] Unmounted /vagrant.
[[0;32m  OK  [0m] Stopped Session 5 of user vagrant.
[[0;32m  OK  [0m] Stopped Session 3 of user vagrant.
[[0;32m  OK  [0m] Removed slice User Slice of vagrant.
         Stopping Login Service...
         Stopping System Logging Service...
[[0;32m  OK  [0m] Removed slice system-getty.slice.
         Stopping Permit User Sessions...
[[0;32m  OK  [0m] Removed slice system-serial\x2dgetty.slice.
[[0;32m  OK  [0m] Stopped System Logging Service.
[[0;32m  OK  [0m] Stopped Login Service.
[[0;32m  OK  [0m] Stopped LSB: automatic crash report generation.
[[0;32m  OK  [0m] Stopped LSB: Record successful boot for GRUB.
[[0;32m  OK  [0m] Stopped Virtualbox guest utils.
[[0;32m  OK  [0m] Stopped LXD - container startup/shutdown.
[[0;32m  OK  [0m] Stopped Permit User Sessions.
[[0;32m  OK  [0m] Stopped target Network.
         Stopping Network Name Resolution...
[[0;32m  OK  [0m] Stopped target Remote File Systems.
[[0;32m  OK  [0m] Stopped target Remote File Systems (Pre).
[[0;32m  OK  [0m] Stopped target User and Group Name Lookups.
[[0;32m  OK  [0m] Stopped target Basic System.
[[0;32m  OK  [0m] Stopped target Slices.
[[0;32m  OK  [0m] Removed slice User and Session Slice.
[[0;32m  OK  [0m] Stopped target Paths.
[[0;32m  OK  [0m] Stopped ACPI Events Check.
[[0;32m  OK  [0m] Stopped target Sockets.
[[0;32m  OK  [0m] Closed UUID daemon activation socket.
[[0;32m  OK  [0m] Closed ACPID Listen Socket.
[[0;32m  OK  [0m] Closed D-Bus System Message Bus Socket.
[[0;32m  OK  [0m] Closed Socket activation for snappy daemon.
[[0;32m  OK  [0m] Closed LXD - unix socket.
[[0;32m  OK  [0m] Closed Open-iSCSI iscsid Socket.
[[0;32m  OK  [0m] Stopped target System Initialization.
[[0;32m  OK  [0m] Stopped target Local Encrypted Volumes.
[[0;32m  OK  [0m] Stopped Dispatch Password Requests to Console Directory Watch.
[[0;32m  OK  [0m] Stopped Forward Password Requests to Wall Directory Watch.
         Stopping Update UTMP about System Boot/Shutdown...
[[0;32m  OK  [0m] Stopped Initial cloud-init job (metadata service crawler).
         Stopping Load/Save Random Seed...
[[0;32m  OK  [0m] Closed Syslog Socket.
[[0;32m  OK  [0m] Stopped Network Name Resolution.
         Stopping Network Service...
[[0;32m  OK  [0m] Stopped Update UTMP about System Boot/Shutdown.
[[0;32m  OK  [0m] Stopped Create Volatile Files and Directories.
[[0;32m  OK  [0m] Stopped target Local File Systems.
         Unmounting /run/user/1000...
[[0;32m  OK  [0m] Stopped Network Service.
[[0;32m  OK  [0m] Stopped Load/Save Random Seed.
[[0;32m  OK  [0m] Unmounted /run/user/1000.
[[0;32m  OK  [0m] Reached target Unmount All Filesystems.
[[0;32m  OK  [0m] Stopped target Local File Systems (Pre).
[[0;32m  OK  [0m] Stopped Create Static Device Nodes in /dev.
         Stopping Monitoring of LVM2 mirrors…ng dmeventd or progress polling...
[[0;32m  OK  [0m] Stopped target Swap.
[[0;32m  OK  [0m] Stopped Apply Kernel Variables.
[[0;32m  OK  [0m] Stopped Load Kernel Modules.
[[0;32m  OK  [0m] Stopped target Network (Pre).
[[0;32m  OK  [0m] Stopped Initial cloud-init job (pre-networking).
[[0;32m  OK  [0m] Stopped Remount Root and Kernel File Systems.
[[0;32m  OK  [0m] Reached target Shutdown.
[[0;32m  OK  [0m] Reached target Final Step.
         Starting Power-Off...
[[0;32m  OK  [0m] Stopped Monitoring of LVM2 mirrors,…sing dmeventd or progress polling.
         Stopping LVM2 metadata daemon...
[[0;32m  OK  [0m] Stopped LVM2 metadata daemon.
[  557.443887] reboot: Power down
